<?xml version="1.0" encoding="UTF-8"?>
<!-- Generated by org.testng.reporters.JUnitReportReporter -->
<testsuite skipped="0" hostname="MCS-PC" name="aabbccdd.Login_two" tests="1" failures="0" timestamp="25 Apr 2020 15:30:14 GMT" time="0.034" errors="0">
  <testcase name="f" time="0.034" classname="aabbccdd.Login_two"/>
</testsuite> <!-- aabbccdd.Login_two -->
