<?xml version="1.0" encoding="UTF-8"?>
<!-- Generated by org.testng.reporters.JUnitReportReporter -->
<testsuite skipped="0" hostname="MCS-PC" name="com.learn.testcases.Login_three" tests="1" failures="0" timestamp="25 Apr 2020 15:30:19 GMT" time="0.006" errors="0">
  <testcase name="f" time="0.006" classname="com.learn.testcases.Login_three"/>
</testsuite> <!-- com.learn.testcases.Login_three -->
