<?xml version="1.0" encoding="UTF-8"?>
<!-- Generated by org.testng.reporters.JUnitReportReporter -->
<testsuite skipped="0" hostname="MCS-PC" name="aabbccdd.Login_four" tests="1" failures="0" timestamp="25 Apr 2020 15:29:57 GMT" time="0.007" errors="0">
  <testcase name="f" time="0.007" classname="aabbccdd.Login_four"/>
</testsuite> <!-- aabbccdd.Login_four -->
