<?xml version="1.0" encoding="UTF-8"?>
<!-- Generated by org.testng.reporters.JUnitReportReporter -->
<testsuite skipped="0" hostname="MCS-PC" name="seleniumsessions.seleniumsessions.Test22" tests="1" failures="0" timestamp="25 Apr 2020 11:33:23 GMT" time="0.007" errors="0">
  <testcase name="f" time="0.007" classname="seleniumsessions.seleniumsessions.Test22"/>
</testsuite> <!-- seleniumsessions.seleniumsessions.Test22 -->
