<?xml version="1.0" encoding="UTF-8"?>
<!-- Generated by org.testng.reporters.JUnitReportReporter -->
<testsuite skipped="0" hostname="MCS-PC" name="com.learn.testcases.Test22" tests="1" failures="0" timestamp="25 Apr 2020 12:23:01 GMT" time="0.018" errors="0">
  <testcase name="f" time="0.018" classname="com.learn.testcases.Test22"/>
</testsuite> <!-- com.learn.testcases.Test22 -->
