<?xml version="1.0" encoding="UTF-8"?>
<!-- Generated by org.testng.reporters.JUnitReportReporter -->
<testsuite skipped="0" hostname="MCS-PC" name="org.openqa.selenium.chrome.loginTest" tests="1" failures="0" timestamp="25 Apr 2020 11:33:29 GMT" time="0.012" errors="0">
  <testcase name="f" time="0.012" classname="org.openqa.selenium.chrome.loginTest"/>
</testsuite> <!-- org.openqa.selenium.chrome.loginTest -->
