<?xml version="1.0" encoding="UTF-8"?>
<!-- Generated by org.testng.reporters.JUnitReportReporter -->
<testsuite skipped="0" hostname="MCS-PC" name="com.learn.testcases.Login_two" tests="1" failures="0" timestamp="25 Apr 2020 12:38:18 GMT" time="0.028" errors="0">
  <testcase name="f" time="0.028" classname="com.learn.testcases.Login_two"/>
</testsuite> <!-- com.learn.testcases.Login_two -->
