<?xml version="1.0" encoding="UTF-8"?>
<!-- Generated by org.testng.reporters.JUnitReportReporter -->
<testsuite skipped="0" hostname="MCS-PC" name="seleniumsessions.seleniumsessions.Test2" tests="1" failures="0" timestamp="25 Apr 2020 06:43:06 GMT" time="0.016" errors="0">
  <testcase name="f" time="0.016" classname="seleniumsessions.seleniumsessions.Test2"/>
</testsuite> <!-- seleniumsessions.seleniumsessions.Test2 -->
