<?xml version="1.0" encoding="UTF-8"?>
<!-- Generated by org.testng.reporters.JUnitReportReporter -->
<testsuite skipped="0" hostname="MCS-PC" name="seleniumsessions.seleniumsessions.NewTest" tests="1" failures="0" timestamp="25 Apr 2020 11:32:25 GMT" time="0.032" errors="0">
  <testcase name="f" time="0.032" classname="seleniumsessions.seleniumsessions.NewTest"/>
</testsuite> <!-- seleniumsessions.seleniumsessions.NewTest -->
